"e","class Pentagon {
}","","0","1653953816243","Pentagon.kt","1.1.3 for 2021-2022 @t1",
"e"," ","","15","1653953818276","Pentagon.kt","1.1.3 for 2021-2022 @t1",
"k"," ",,"15","1653953818277","Pentagon.kt","1.1.3 for 2021-2022 @t1",
"e",":","","15","1653953818473","Pentagon.kt","1.1.3 for 2021-2022 @t1",
"k",":",,"16","1653953818475","Pentagon.kt","1.1.3 for 2021-2022 @t1",
"e"," ","","16","1653953818548","Pentagon.kt","1.1.3 for 2021-2022 @t1",
"k"," ",,"17","1653953818549","Pentagon.kt","1.1.3 for 2021-2022 @t1",
"e","S","","17","1653953818635","Pentagon.kt","1.1.3 for 2021-2022 @t1",
"k","S",,"18","1653953818636","Pentagon.kt","1.1.3 for 2021-2022 @t1",
"e"," ","","19","1653953818651","Pentagon.kt","1.1.3 for 2021-2022 @t1",
"e",""," ","18","1653953818820","Pentagon.kt","1.1.3 for 2021-2022 @t1",
"e","h","","18","1653953818821","Pentagon.kt","1.1.3 for 2021-2022 @t1",
"k","h",,"19","1653953818821","Pentagon.kt","1.1.3 for 2021-2022 @t1",
"e"," ","","20","1653953818834","Pentagon.kt","1.1.3 for 2021-2022 @t1",
"e",""," ","19","1653953818890","Pentagon.kt","1.1.3 for 2021-2022 @t1",
"e","a","","19","1653953818891","Pentagon.kt","1.1.3 for 2021-2022 @t1",
"k","a",,"20","1653953818891","Pentagon.kt","1.1.3 for 2021-2022 @t1",
"e"," ","","21","1653953818900","Pentagon.kt","1.1.3 for 2021-2022 @t1",
"e",""," ","20","1653953818993","Pentagon.kt","1.1.3 for 2021-2022 @t1",
"e","p","","20","1653953818994","Pentagon.kt","1.1.3 for 2021-2022 @t1",
"k","p",,"21","1653953818993","Pentagon.kt","1.1.3 for 2021-2022 @t1",
"e"," ","","22","1653953819003","Pentagon.kt","1.1.3 for 2021-2022 @t1",
"e",""," ","21","1653953819122","Pentagon.kt","1.1.3 for 2021-2022 @t1",
"e","e","","21","1653953819123","Pentagon.kt","1.1.3 for 2021-2022 @t1",
"k","e",,"22","1653953819122","Pentagon.kt","1.1.3 for 2021-2022 @t1",
"e"," ","","23","1653953819142","Pentagon.kt","1.1.3 for 2021-2022 @t1",
"e",""," ","22","1653953819342","Pentagon.kt","1.1.3 for 2021-2022 @t1",
"e","(","","22","1653953819343","Pentagon.kt","1.1.3 for 2021-2022 @t1",
"e",")","","23","1653953819344","Pentagon.kt","1.1.3 for 2021-2022 @t1",
"k","(",,"23","1653953819346","Pentagon.kt","1.1.3 for 2021-2022 @t1",
"k",")",,"24","1653953819401","Pentagon.kt","1.1.3 for 2021-2022 @t1",
"e","
","","27","1653953821432","Pentagon.kt","1.1.3 for 2021-2022 @t1",
"e","    ","","27","1653953821433","Pentagon.kt","1.1.3 for 2021-2022 @t1",
"e","(","","14","1653953891618","Pentagon.kt","1.1.3 for 2021-2022 @t1",
"e",")","","15","1653953891619","Pentagon.kt","1.1.3 for 2021-2022 @t1",
"k","(",,"15","1653953891621","Pentagon.kt","1.1.3 for 2021-2022 @t1",
"e","M","","15","1653953895406","Pentagon.kt","1.1.3 for 2021-2022 @t1",
"k","M",,"16","1653953895407","Pentagon.kt","1.1.3 for 2021-2022 @t1",
"e","","(M)","14","1653953895452","Pentagon.kt","1.1.3 for 2021-2022 @t1",
"e","","()","22","1653953895452","Pentagon.kt","1.1.3 for 2021-2022 @t1",
"e"," ","","22","1653953895453","Pentagon.kt","1.1.3 for 2021-2022 @t1",
"e",""," ","22","1653953895452","Pentagon.kt","1.1.3 for 2021-2022 @t1",
"e","()","","22","1653953895453","Pentagon.kt","1.1.3 for 2021-2022 @t1",
"e","(M )","","14","1653953895452","Pentagon.kt","1.1.3 for 2021-2022 @t1",
"e",""," ","16","1653953895611","Pentagon.kt","1.1.3 for 2021-2022 @t1",
"e","y","","16","1653953895612","Pentagon.kt","1.1.3 for 2021-2022 @t1",
"k","y",,"17","1653953895611","Pentagon.kt","1.1.3 for 2021-2022 @t1",
"e","","y","16","1653953896146","Pentagon.kt","1.1.3 for 2021-2022 @t1",
"e","","M","15","1653953896522","Pentagon.kt","1.1.3 for 2021-2022 @t1",
"e","p","","15","1653953897916","Pentagon.kt","1.1.3 for 2021-2022 @t1",
"k","p",,"16","1653953897917","Pentagon.kt","1.1.3 for 2021-2022 @t1",
"e"," ","","16","1653953897957","Pentagon.kt","1.1.3 for 2021-2022 @t1",
"e",""," ","16","1653953898002","Pentagon.kt","1.1.3 for 2021-2022 @t1",
"e","o","","16","1653953898003","Pentagon.kt","1.1.3 for 2021-2022 @t1",
"k","o",,"17","1653953898003","Pentagon.kt","1.1.3 for 2021-2022 @t1",
"e"," ","","17","1653953898023","Pentagon.kt","1.1.3 for 2021-2022 @t1",
"e",""," ","17","1653953898211","Pentagon.kt","1.1.3 for 2021-2022 @t1",
"e","i","","17","1653953898212","Pentagon.kt","1.1.3 for 2021-2022 @t1",
"k","i",,"18","1653953898212","Pentagon.kt","1.1.3 for 2021-2022 @t1",
"k","n",,"19","1653953898258","Pentagon.kt","1.1.3 for 2021-2022 @t1",
"e","n","","18","1653953898256","Pentagon.kt","1.1.3 for 2021-2022 @t1",
"e"," ","","19","1653953898281","Pentagon.kt","1.1.3 for 2021-2022 @t1",
"e",""," ","19","1653953898315","Pentagon.kt","1.1.3 for 2021-2022 @t1",
"e","t","","19","1653953898316","Pentagon.kt","1.1.3 for 2021-2022 @t1",
"k","t",,"20","1653953898316","Pentagon.kt","1.1.3 for 2021-2022 @t1",
"e"," ","","20","1653953898366","Pentagon.kt","1.1.3 for 2021-2022 @t1",
"e",""," ","20","1653953898650","Pentagon.kt","1.1.3 for 2021-2022 @t1",
"e","1","","20","1653953898651","Pentagon.kt","1.1.3 for 2021-2022 @t1",
"k","1",,"21","1653953898651","Pentagon.kt","1.1.3 for 2021-2022 @t1",
"e"," ","","21","1653953898659","Pentagon.kt","1.1.3 for 2021-2022 @t1",
"e","","1 ","20","1653953899379","Pentagon.kt","1.1.3 for 2021-2022 @t1",
"e"," ","","20","1653953899394","Pentagon.kt","1.1.3 for 2021-2022 @t1",
"e","","t ","19","1653953899503","Pentagon.kt","1.1.3 for 2021-2022 @t1",
"e"," ","","19","1653953899516","Pentagon.kt","1.1.3 for 2021-2022 @t1",
"e","","n ","18","1653953899638","Pentagon.kt","1.1.3 for 2021-2022 @t1",
"e"," ","","18","1653953899646","Pentagon.kt","1.1.3 for 2021-2022 @t1",
"e","","i ","17","1653953899776","Pentagon.kt","1.1.3 for 2021-2022 @t1",
"e"," ","","17","1653953900081","Pentagon.kt","1.1.3 for 2021-2022 @t1",
"e","","o ","16","1653953900096","Pentagon.kt","1.1.3 for 2021-2022 @t1",
"e"," ","","16","1653953900113","Pentagon.kt","1.1.3 for 2021-2022 @t1",
"e","","p ","15","1653953900150","Pentagon.kt","1.1.3 for 2021-2022 @t1",
"e","o","","15","1653953900345","Pentagon.kt","1.1.3 for 2021-2022 @t1",
"k","o",,"16","1653953900345","Pentagon.kt","1.1.3 for 2021-2022 @t1",
"e"," ","","16","1653953900360","Pentagon.kt","1.1.3 for 2021-2022 @t1",
"e",""," ","16","1653953900436","Pentagon.kt","1.1.3 for 2021-2022 @t1",
"e","v","","16","1653953900437","Pentagon.kt","1.1.3 for 2021-2022 @t1",
"k","v",,"17","1653953900437","Pentagon.kt","1.1.3 for 2021-2022 @t1",
"e"," ","","17","1653953900447","Pentagon.kt","1.1.3 for 2021-2022 @t1",
"e",""," ","17","1653953900620","Pentagon.kt","1.1.3 for 2021-2022 @t1",
"e","e","","17","1653953900621","Pentagon.kt","1.1.3 for 2021-2022 @t1",
"k","e",,"18","1653953900622","Pentagon.kt","1.1.3 for 2021-2022 @t1",
"e"," ","","18","1653953900643","Pentagon.kt","1.1.3 for 2021-2022 @t1",
"e",""," ","18","1653953900726","Pentagon.kt","1.1.3 for 2021-2022 @t1",
"e","r","","18","1653953900727","Pentagon.kt","1.1.3 for 2021-2022 @t1",
"k","r",,"19","1653953900728","Pentagon.kt","1.1.3 for 2021-2022 @t1",
"e"," ","","19","1653953900744","Pentagon.kt","1.1.3 for 2021-2022 @t1",
"e",""," ","19","1653953900874","Pentagon.kt","1.1.3 for 2021-2022 @t1",
"e","r","","19","1653953900875","Pentagon.kt","1.1.3 for 2021-2022 @t1",
"k","r",,"20","1653953900875","Pentagon.kt","1.1.3 for 2021-2022 @t1",
"e"," ","","20","1653953900885","Pentagon.kt","1.1.3 for 2021-2022 @t1",
"e",""," ","20","1653953900984","Pentagon.kt","1.1.3 for 2021-2022 @t1",
"e","i","","20","1653953900985","Pentagon.kt","1.1.3 for 2021-2022 @t1",
"k","i",,"21","1653953900986","Pentagon.kt","1.1.3 for 2021-2022 @t1",
"e"," ","","21","1653953900999","Pentagon.kt","1.1.3 for 2021-2022 @t1",
"e",""," ","21","1653953901065","Pentagon.kt","1.1.3 for 2021-2022 @t1",
"e","d","","21","1653953901066","Pentagon.kt","1.1.3 for 2021-2022 @t1",
"k","d",,"22","1653953901066","Pentagon.kt","1.1.3 for 2021-2022 @t1",
"e"," ","","22","1653953901078","Pentagon.kt","1.1.3 for 2021-2022 @t1",
"e",""," ","22","1653953901189","Pentagon.kt","1.1.3 for 2021-2022 @t1",
"e","e","","22","1653953901190","Pentagon.kt","1.1.3 for 2021-2022 @t1",
"k","e",,"23","1653953901192","Pentagon.kt","1.1.3 for 2021-2022 @t1",
"e"," ","","23","1653953901315","Pentagon.kt","1.1.3 for 2021-2022 @t1",
"k"," ",,"24","1653953901316","Pentagon.kt","1.1.3 for 2021-2022 @t1",
"e","v","","24","1653953901865","Pentagon.kt","1.1.3 for 2021-2022 @t1",
"k","v",,"25","1653953901866","Pentagon.kt","1.1.3 for 2021-2022 @t1",
"e"," ","","25","1653953901876","Pentagon.kt","1.1.3 for 2021-2022 @t1",
"e",""," ","25","1653953901943","Pentagon.kt","1.1.3 for 2021-2022 @t1",
"e","a","","25","1653953901944","Pentagon.kt","1.1.3 for 2021-2022 @t1",
"k","a",,"26","1653953901944","Pentagon.kt","1.1.3 for 2021-2022 @t1",
"e"," ","","26","1653953901952","Pentagon.kt","1.1.3 for 2021-2022 @t1",
"e",""," ","26","1653953902114","Pentagon.kt","1.1.3 for 2021-2022 @t1",
"e","r","","26","1653953902115","Pentagon.kt","1.1.3 for 2021-2022 @t1",
"k","r",,"27","1653953902116","Pentagon.kt","1.1.3 for 2021-2022 @t1",
"e"," ","","27","1653953902143","Pentagon.kt","1.1.3 for 2021-2022 @t1",
"e",""," ","27","1653953902201","Pentagon.kt","1.1.3 for 2021-2022 @t1",
"e"," ","","27","1653953902212","Pentagon.kt","1.1.3 for 2021-2022 @t1",
"k"," ",,"28","1653953902213","Pentagon.kt","1.1.3 for 2021-2022 @t1",
"e","p","","28","1653953902352","Pentagon.kt","1.1.3 for 2021-2022 @t1",
"k","p",,"29","1653953902353","Pentagon.kt","1.1.3 for 2021-2022 @t1",
"e"," ","","29","1653953902363","Pentagon.kt","1.1.3 for 2021-2022 @t1",
"e",""," ","29","1653953902432","Pentagon.kt","1.1.3 for 2021-2022 @t1",
"e","o","","29","1653953902433","Pentagon.kt","1.1.3 for 2021-2022 @t1",
"k","o",,"30","1653953902432","Pentagon.kt","1.1.3 for 2021-2022 @t1",
"e"," ","","30","1653953902441","Pentagon.kt","1.1.3 for 2021-2022 @t1",
"e",""," ","30","1653953902625","Pentagon.kt","1.1.3 for 2021-2022 @t1",
"e","i","","30","1653953902626","Pentagon.kt","1.1.3 for 2021-2022 @t1",
"k","i",,"31","1653953902626","Pentagon.kt","1.1.3 for 2021-2022 @t1",
"e"," ","","31","1653953902634","Pentagon.kt","1.1.3 for 2021-2022 @t1",
"e",""," ","31","1653953902697","Pentagon.kt","1.1.3 for 2021-2022 @t1",
"e","n","","31","1653953902698","Pentagon.kt","1.1.3 for 2021-2022 @t1",
"k","n",,"32","1653953902697","Pentagon.kt","1.1.3 for 2021-2022 @t1",
"e"," ","","32","1653953902705","Pentagon.kt","1.1.3 for 2021-2022 @t1",
"e",""," ","32","1653953902785","Pentagon.kt","1.1.3 for 2021-2022 @t1",
"e","t","","32","1653953902786","Pentagon.kt","1.1.3 for 2021-2022 @t1",
"k","t",,"33","1653953902786","Pentagon.kt","1.1.3 for 2021-2022 @t1",
"e"," ","","33","1653953902794","Pentagon.kt","1.1.3 for 2021-2022 @t1",
"e",""," ","33","1653953902972","Pentagon.kt","1.1.3 for 2021-2022 @t1",
"e","1","","33","1653953902973","Pentagon.kt","1.1.3 for 2021-2022 @t1",
"k","1",,"34","1653953902973","Pentagon.kt","1.1.3 for 2021-2022 @t1",
"e"," ","","34","1653953902980","Pentagon.kt","1.1.3 for 2021-2022 @t1",
"k",":",,"35","1653953903254","Pentagon.kt","1.1.3 for 2021-2022 @t1",
"e",""," ","34","1653953903253","Pentagon.kt","1.1.3 for 2021-2022 @t1",
"e",":","","34","1653953903254","Pentagon.kt","1.1.3 for 2021-2022 @t1",
"e"," ","","35","1653953903265","Pentagon.kt","1.1.3 for 2021-2022 @t1",
"e",""," ","35","1653953903324","Pentagon.kt","1.1.3 for 2021-2022 @t1",
"k"," ",,"36","1653953903328","Pentagon.kt","1.1.3 for 2021-2022 @t1",
"e"," ","","35","1653953903327","Pentagon.kt","1.1.3 for 2021-2022 @t1",
"e","M","","36","1653953903454","Pentagon.kt","1.1.3 for 2021-2022 @t1",
"k","M",,"37","1653953903454","Pentagon.kt","1.1.3 for 2021-2022 @t1",
"e"," ","","37","1653953903486","Pentagon.kt","1.1.3 for 2021-2022 @t1",
"e",""," ","37","1653953903846","Pentagon.kt","1.1.3 for 2021-2022 @t1",
"e","y","","37","1653953903847","Pentagon.kt","1.1.3 for 2021-2022 @t1",
"k","y",,"38","1653953903847","Pentagon.kt","1.1.3 for 2021-2022 @t1",
"e"," ","","38","1653953903865","Pentagon.kt","1.1.3 for 2021-2022 @t1",
"e",""," ","38","1653953904098","Pentagon.kt","1.1.3 for 2021-2022 @t1",
"e","P","","38","1653953904099","Pentagon.kt","1.1.3 for 2021-2022 @t1",
"k","P",,"39","1653953904099","Pentagon.kt","1.1.3 for 2021-2022 @t1",
"e"," ","","39","1653953904111","Pentagon.kt","1.1.3 for 2021-2022 @t1",
"e",""," ","39","1653953904255","Pentagon.kt","1.1.3 for 2021-2022 @t1",
"e","o","","39","1653953904256","Pentagon.kt","1.1.3 for 2021-2022 @t1",
"k","o",,"40","1653953904256","Pentagon.kt","1.1.3 for 2021-2022 @t1",
"e"," ","","40","1653953904266","Pentagon.kt","1.1.3 for 2021-2022 @t1",
"e",""," ","40","1653953904614","Pentagon.kt","1.1.3 for 2021-2022 @t1",
"e","i","","40","1653953904615","Pentagon.kt","1.1.3 for 2021-2022 @t1",
"k","i",,"41","1653953904615","Pentagon.kt","1.1.3 for 2021-2022 @t1",
"e","n","","41","1653953904618","Pentagon.kt","1.1.3 for 2021-2022 @t1",
"k","n",,"42","1653953904619","Pentagon.kt","1.1.3 for 2021-2022 @t1",
"e","t","","42","1653953904621","Pentagon.kt","1.1.3 for 2021-2022 @t1",
"k","t",,"43","1653953904622","Pentagon.kt","1.1.3 for 2021-2022 @t1",
"e"," ","","43","1653953904634","Pentagon.kt","1.1.3 for 2021-2022 @t1",
"e",""," ","43","1653953904834","Pentagon.kt","1.1.3 for 2021-2022 @t1",
"e",",","","43","1653953904835","Pentagon.kt","1.1.3 for 2021-2022 @t1",
"k",",",,"44","1653953904837","Pentagon.kt","1.1.3 for 2021-2022 @t1",
"k"," ",,"45","1653953904893","Pentagon.kt","1.1.3 for 2021-2022 @t1",
"e"," ","","44","1653953904891","Pentagon.kt","1.1.3 for 2021-2022 @t1",
"e","p","","45","1653953910681","Pentagon.kt","1.1.3 for 2021-2022 @t1",
"k","p",,"46","1653953910681","Pentagon.kt","1.1.3 for 2021-2022 @t1",
"e"," ","","46","1653953910713","Pentagon.kt","1.1.3 for 2021-2022 @t1",
"e",""," ","46","1653953910784","Pentagon.kt","1.1.3 for 2021-2022 @t1",
"e","r","","46","1653953910785","Pentagon.kt","1.1.3 for 2021-2022 @t1",
"k","r",,"47","1653953910785","Pentagon.kt","1.1.3 for 2021-2022 @t1",
"e"," ","","47","1653953910805","Pentagon.kt","1.1.3 for 2021-2022 @t1",
"e",""," ","47","1653953910877","Pentagon.kt","1.1.3 for 2021-2022 @t1",
"e","i","","47","1653953910878","Pentagon.kt","1.1.3 for 2021-2022 @t1",
"k","i",,"48","1653953910878","Pentagon.kt","1.1.3 for 2021-2022 @t1",
"e"," ","","48","1653953910888","Pentagon.kt","1.1.3 for 2021-2022 @t1",
"e",""," ","48","1653953911015","Pentagon.kt","1.1.3 for 2021-2022 @t1",
"e","v","","48","1653953911016","Pentagon.kt","1.1.3 for 2021-2022 @t1",
"k","v",,"49","1653953911017","Pentagon.kt","1.1.3 for 2021-2022 @t1",
"e"," ","","49","1653953911053","Pentagon.kt","1.1.3 for 2021-2022 @t1",
"e",""," ","49","1653953911127","Pentagon.kt","1.1.3 for 2021-2022 @t1",
"e","a","","49","1653953911128","Pentagon.kt","1.1.3 for 2021-2022 @t1",
"k","a",,"50","1653953911129","Pentagon.kt","1.1.3 for 2021-2022 @t1",
"e"," ","","50","1653953911143","Pentagon.kt","1.1.3 for 2021-2022 @t1",
"e",""," ","50","1653953911259","Pentagon.kt","1.1.3 for 2021-2022 @t1",
"e","t","","50","1653953911260","Pentagon.kt","1.1.3 for 2021-2022 @t1",
"k","t",,"51","1653953911261","Pentagon.kt","1.1.3 for 2021-2022 @t1",
"e"," ","","51","1653953911275","Pentagon.kt","1.1.3 for 2021-2022 @t1",
"e",""," ","51","1653953911316","Pentagon.kt","1.1.3 for 2021-2022 @t1",
"e","e","","51","1653953911317","Pentagon.kt","1.1.3 for 2021-2022 @t1",
"k","e",,"52","1653953911317","Pentagon.kt","1.1.3 for 2021-2022 @t1",
"e"," ","","52","1653953911346","Pentagon.kt","1.1.3 for 2021-2022 @t1",
"e",""," ","52","1653953911404","Pentagon.kt","1.1.3 for 2021-2022 @t1",
"e"," ","","52","1653953911413","Pentagon.kt","1.1.3 for 2021-2022 @t1",
"k"," ",,"53","1653953911414","Pentagon.kt","1.1.3 for 2021-2022 @t1",
"e","v","","53","1653953911602","Pentagon.kt","1.1.3 for 2021-2022 @t1",
"k","v",,"54","1653953911602","Pentagon.kt","1.1.3 for 2021-2022 @t1",
"e"," ","","54","1653953911612","Pentagon.kt","1.1.3 for 2021-2022 @t1",
"e",""," ","54","1653953911671","Pentagon.kt","1.1.3 for 2021-2022 @t1",
"e","a","","54","1653953911672","Pentagon.kt","1.1.3 for 2021-2022 @t1",
"k","a",,"55","1653953911672","Pentagon.kt","1.1.3 for 2021-2022 @t1",
"e"," ","","55","1653953911682","Pentagon.kt","1.1.3 for 2021-2022 @t1",
"e",""," ","55","1653953911825","Pentagon.kt","1.1.3 for 2021-2022 @t1",
"e","r","","55","1653953911826","Pentagon.kt","1.1.3 for 2021-2022 @t1",
"k","r",,"56","1653953911828","Pentagon.kt","1.1.3 for 2021-2022 @t1",
"e"," ","","56","1653953911864","Pentagon.kt","1.1.3 for 2021-2022 @t1",
"e",""," ","56","1653953911945","Pentagon.kt","1.1.3 for 2021-2022 @t1",
"e"," ","","56","1653953911956","Pentagon.kt","1.1.3 for 2021-2022 @t1",
"k"," ",,"57","1653953911957","Pentagon.kt","1.1.3 for 2021-2022 @t1",
"e","d","","57","1653953912114","Pentagon.kt","1.1.3 for 2021-2022 @t1",
"k","d",,"58","1653953912115","Pentagon.kt","1.1.3 for 2021-2022 @t1",
"e"," ","","58","1653953912125","Pentagon.kt","1.1.3 for 2021-2022 @t1",
"e","","d ","57","1653953912368","Pentagon.kt","1.1.3 for 2021-2022 @t1",
"e","r","","57","1653953912499","Pentagon.kt","1.1.3 for 2021-2022 @t1",
"k","r",,"58","1653953912500","Pentagon.kt","1.1.3 for 2021-2022 @t1",
"e"," ","","58","1653953912511","Pentagon.kt","1.1.3 for 2021-2022 @t1",
"e",""," ","58","1653953912643","Pentagon.kt","1.1.3 for 2021-2022 @t1",
"e","a","","58","1653953912644","Pentagon.kt","1.1.3 for 2021-2022 @t1",
"k","a",,"59","1653953912645","Pentagon.kt","1.1.3 for 2021-2022 @t1",
"e"," ","","59","1653953912679","Pentagon.kt","1.1.3 for 2021-2022 @t1",
"e",""," ","59","1653953912739","Pentagon.kt","1.1.3 for 2021-2022 @t1",
"e","d","","59","1653953912740","Pentagon.kt","1.1.3 for 2021-2022 @t1",
"k","d",,"60","1653953912741","Pentagon.kt","1.1.3 for 2021-2022 @t1",
"e"," ","","60","1653953912827","Pentagon.kt","1.1.3 for 2021-2022 @t1",
"e",""," ","60","1653953912855","Pentagon.kt","1.1.3 for 2021-2022 @t1",
"e","i","","60","1653953912856","Pentagon.kt","1.1.3 for 2021-2022 @t1",
"k","i",,"61","1653953912857","Pentagon.kt","1.1.3 for 2021-2022 @t1",
"e"," ","","61","1653953912886","Pentagon.kt","1.1.3 for 2021-2022 @t1",
"e",""," ","61","1653953912966","Pentagon.kt","1.1.3 for 2021-2022 @t1",
"e","u","","61","1653953912967","Pentagon.kt","1.1.3 for 2021-2022 @t1",
"k","u",,"62","1653953912967","Pentagon.kt","1.1.3 for 2021-2022 @t1",
"e"," ","","62","1653953912982","Pentagon.kt","1.1.3 for 2021-2022 @t1",
"e",""," ","62","1653953913085","Pentagon.kt","1.1.3 for 2021-2022 @t1",
"e","s","","62","1653953913086","Pentagon.kt","1.1.3 for 2021-2022 @t1",
"k","s",,"63","1653953913086","Pentagon.kt","1.1.3 for 2021-2022 @t1",
"e"," ","","63","1653953913104","Pentagon.kt","1.1.3 for 2021-2022 @t1",
"e",""," ","63","1653953914599","Pentagon.kt","1.1.3 for 2021-2022 @t1",
"e",":","","63","1653953914600","Pentagon.kt","1.1.3 for 2021-2022 @t1",
"k",":",,"64","1653953914601","Pentagon.kt","1.1.3 for 2021-2022 @t1",
"e"," ","","64","1653953915394","Pentagon.kt","1.1.3 for 2021-2022 @t1",
"k"," ",,"65","1653953915394","Pentagon.kt","1.1.3 for 2021-2022 @t1",
"e","D","","65","1653953915537","Pentagon.kt","1.1.3 for 2021-2022 @t1",
"k","D",,"66","1653953915538","Pentagon.kt","1.1.3 for 2021-2022 @t1",
"e"," ","","66","1653953915566","Pentagon.kt","1.1.3 for 2021-2022 @t1",
"e",""," ","66","1653953915652","Pentagon.kt","1.1.3 for 2021-2022 @t1",
"e","o","","66","1653953915653","Pentagon.kt","1.1.3 for 2021-2022 @t1",
"k","o",,"67","1653953915652","Pentagon.kt","1.1.3 for 2021-2022 @t1",
"e"," ","","67","1653953915702","Pentagon.kt","1.1.3 for 2021-2022 @t1",
"e",""," ","67","1653953915725","Pentagon.kt","1.1.3 for 2021-2022 @t1",
"e","u","","67","1653953915726","Pentagon.kt","1.1.3 for 2021-2022 @t1",
"k","u",,"68","1653953915726","Pentagon.kt","1.1.3 for 2021-2022 @t1",
"e"," ","","68","1653953915747","Pentagon.kt","1.1.3 for 2021-2022 @t1",
"e",""," ","68","1653953915763","Pentagon.kt","1.1.3 for 2021-2022 @t1",
"e","b","","68","1653953915764","Pentagon.kt","1.1.3 for 2021-2022 @t1",
"k","b",,"69","1653953915764","Pentagon.kt","1.1.3 for 2021-2022 @t1",
"e"," ","","69","1653953915782","Pentagon.kt","1.1.3 for 2021-2022 @t1",
"e",""," ","69","1653953915918","Pentagon.kt","1.1.3 for 2021-2022 @t1",
"e","l","","69","1653953915919","Pentagon.kt","1.1.3 for 2021-2022 @t1",
"k","l",,"70","1653953915919","Pentagon.kt","1.1.3 for 2021-2022 @t1",
"e","e","","70","1653953915973","Pentagon.kt","1.1.3 for 2021-2022 @t1",
"k","e",,"71","1653953915976","Pentagon.kt","1.1.3 for 2021-2022 @t1",
"e"," ","","71","1653953916025","Pentagon.kt","1.1.3 for 2021-2022 @t1",
