"e","","No Phanon history found: /Users/beccazitting/USU/SENIOR/1 - SUMMER/5700/Assn3/assn3/src/main/kotlin/showyourwork/showyourwork.log Player unable to render
","0","1653778775467","Shape.kt","1.1.3 for 2021-2022 @t1",
"e","","","0","1653778775467","Shape.kt","1.1.3 for 2021-2022 @t1",
"e","","No Phanon history found: /Users/beccazitting/USU/SENIOR/1 - SUMMER/5700/Assn3/assn3/src/main/kotlin/showyourwork/showyourwork.log Player unable to render
","0","1653778775467","Point.kt","1.1.3 for 2021-2022 @t1",
"e","","","0","1653778775467","Point.kt","1.1.3 for 2021-2022 @t1",
"e","","No Phanon history found: /Users/beccazitting/USU/SENIOR/1 - SUMMER/5700/Assn3/assn3/src/main/kotlin/showyourwork/showyourwork.log Player unable to render
","0","1653778775468","Line.kt","1.1.3 for 2021-2022 @t1",
"e","","","0","1653778775468","Line.kt","1.1.3 for 2021-2022 @t1",
"e","","No Phanon history found: /Users/beccazitting/USU/SENIOR/1 - SUMMER/5700/Assn3/assn3/src/main/kotlin/showyourwork/showyourwork.log Player unable to render
","0","1653778775469","Circle.kt","1.1.3 for 2021-2022 @t1",
"e","","","0","1653778775469","Circle.kt","1.1.3 for 2021-2022 @t1",
"e","","No Phanon history found: /Users/beccazitting/USU/SENIOR/1 - SUMMER/5700/Assn3/assn3/src/main/kotlin/showyourwork/showyourwork.log Player unable to render
","0","1653778775469","Rectangle.kt","1.1.3 for 2021-2022 @t1",
"e","","","0","1653778775469","Rectangle.kt","1.1.3 for 2021-2022 @t1",
"e","","No Phanon history found: /Users/beccazitting/USU/SENIOR/1 - SUMMER/5700/Assn3/assn3/src/main/kotlin/showyourwork/showyourwork.log Player unable to render
","0","1653778775472","Ellipse.kt","1.1.3 for 2021-2022 @t1",
"e","","","0","1653778775472","Ellipse.kt","1.1.3 for 2021-2022 @t1",
"e","","No Phanon history found: /Users/beccazitting/USU/SENIOR/1 - SUMMER/5700/Assn3/assn3/src/main/kotlin/showyourwork/showyourwork.log Player unable to render
","0","1653778775472","Triangle.kt","1.1.3 for 2021-2022 @t1",
"e","","","0","1653778775472","Triangle.kt","1.1.3 for 2021-2022 @t1",
"e","","No Phanon history found: /Users/beccazitting/USU/SENIOR/1 - SUMMER/5700/Assn3/assn3/src/main/kotlin/showyourwork/showyourwork.log Player unable to render
","0","1653778775473","Square.kt","1.1.3 for 2021-2022 @t1",
"e","","","0","1653778775473","Square.kt","1.1.3 for 2021-2022 @t1",
"e","","No Phanon history found: /Users/beccazitting/USU/SENIOR/1 - SUMMER/5700/Assn3/assn3/src/main/kotlin/showyourwork/showyourwork.log Player unable to render
","0","1653778775473","MyPoint.kt","1.1.3 for 2021-2022 @t1",
"e","","","0","1653778775473","MyPoint.kt","1.1.3 for 2021-2022 @t1",
"e","","No Phanon history found: /Users/beccazitting/USU/SENIOR/1 - SUMMER/5700/Assn3/assn3/src/main/kotlin/showyourwork/showyourwork.log Player unable to render
","0","1653778775476","MyTriangle.kt","1.1.3 for 2021-2022 @t1",
"e","","","0","1653778775476","MyTriangle.kt","1.1.3 for 2021-2022 @t1",
