"a","Outside edit","","","1653778775467","Shape.kt","1.1.3 for 2021-2022 @t1",
"a","Outside edit","","","1653778775467","Point.kt","1.1.3 for 2021-2022 @t1",
"a","Outside edit","","","1653778775468","Line.kt","1.1.3 for 2021-2022 @t1",
"a","Outside edit","","","1653778775468","ShapeTest.java","1.1.3 for 2021-2022 @t1",
"a","Outside edit","","","1653778775469","ShapeTest.kt","1.1.3 for 2021-2022 @t1",
"a","Outside edit","","","1653778775469","Circle.kt","1.1.3 for 2021-2022 @t1",
"a","Outside edit","","","1653778775469","Rectangle.kt","1.1.3 for 2021-2022 @t1",
"a","Outside edit","","","1653778775470","PointTest.java","1.1.3 for 2021-2022 @t1",
"a","Outside edit","","","1653778775470","PointTest.kt","1.1.3 for 2021-2022 @t1",
"a","Outside edit","","","1653778775471","LineTest.java","1.1.3 for 2021-2022 @t1",
"a","Outside edit","","","1653778775471","LineTest.kt","1.1.3 for 2021-2022 @t1",
"a","Outside edit","","","1653778775471","MyPointTest.kt","1.1.3 for 2021-2022 @t1",
"a","Outside edit","","","1653778775472","Ellipse.kt","1.1.3 for 2021-2022 @t1",
"a","Outside edit","","","1653778775472","Triangle.kt","1.1.3 for 2021-2022 @t1",
"a","Outside edit","","","1653778775473","Square.kt","1.1.3 for 2021-2022 @t1",
"a","Outside edit","","","1653778775473","MyPoint.kt","1.1.3 for 2021-2022 @t1",
"a","Outside edit","","","1653778775475","ReflectionUtils.class","1.1.3 for 2021-2022 @t1",
"a","Outside edit","","","1653778775476","RectangleTest.java","1.1.3 for 2021-2022 @t1",
"a","Outside edit","","","1653778775476","RectangleTest.kt","1.1.3 for 2021-2022 @t1",
"a","Outside edit","","","1653778775476","MyTriangle.kt","1.1.3 for 2021-2022 @t1",
"a","Outside edit","","","1653778775487","TriangleTest.java","1.1.3 for 2021-2022 @t1",
"a","Outside edit","","","1653778775487","TriangleTest0.java","1.1.3 for 2021-2022 @t1",
"a","Outside edit","","","1653778775488","TriangleTest.kt","1.1.3 for 2021-2022 @t1",
"a","Outside edit","","","1653778775488","SquareTest.java","1.1.3 for 2021-2022 @t1",
"a","Outside edit","","","1653778775489","SquareTest.kt","1.1.3 for 2021-2022 @t1",
"a","Outside edit","","","1653778775489","EllipseTest.java","1.1.3 for 2021-2022 @t1",
"a","Outside edit","","","1653778775489","EllipseTest.kt","1.1.3 for 2021-2022 @t1",
"a","Outside edit","","","1653778775490","CircleTest.java","1.1.3 for 2021-2022 @t1",
"a","Outside edit","","","1653778775490","CircleTest.kt","1.1.3 for 2021-2022 @t1",
"a","Outside edit","","","1653778775491",".gitignore","1.1.3 for 2021-2022 @t1",
"a","Outside edit","","","1653778775492","workspace.xml","1.1.3 for 2021-2022 @t1",
"a","Outside edit","","","1653778775493","gradle.properties","1.1.3 for 2021-2022 @t1",
"a","Outside edit","","","1653778775493",".gitignore","1.1.3 for 2021-2022 @t1",
"a","Outside edit","","","1653778775494","build.gradle.kts","1.1.3 for 2021-2022 @t1",
"e","","No Phanon history found: /Users/beccazitting/USU/SENIOR/1 - SUMMER/5700/Assn3/assn3/showyourwork/showyourwork.log Player unable to render
","0","1653778775494","build.gradle.kts","1.1.3 for 2021-2022 @t1",
"e","import org.jetbrains.compose.compose
import org.jetbrains.compose.desktop.application.dsl.TargetFormat
import org.jetbrains.kotlin.gradle.tasks.KotlinCompile

plugins {
    kotlin(""multiplatform"")
    id(""org.jetbrains.compose"")
}

group = ""com.example""
version = ""1.0-SNAPSHOT""

repositories {
    google()
    mavenCentral()
    maven(""https://maven.pkg.jetbrains.space/public/p/compose/dev"")
}

kotlin {
    jvm {
        compilations.all {
            kotlinOptions.jvmTarget = ""11""
        }
        withJava()
    }
    sourceSets {
        val jvmMain by getting {
            dependencies {
                implementation(compose.desktop.currentOs)
            }
        }
        val jvmTest by getting
    }
}

compose.desktop {
    application {
        mainClass = ""MainKt""
        nativeDistributions {
            targetFormats(TargetFormat.Dmg, TargetFormat.Msi, TargetFormat.Deb)
            packageName = ""assn3""
            packageVersion = ""1.0.0""
        }
    }
}
","","0","1653778775494","build.gradle.kts","1.1.3 for 2021-2022 @t1",
"a","Outside edit","","","1653778775500","gradle.properties","1.1.3 for 2021-2022 @t1",
"e","","No Phanon history found: /Users/beccazitting/USU/SENIOR/1 - SUMMER/5700/Assn3/assn3/showyourwork/showyourwork.log Player unable to render
","0","1653778775500","gradle.properties","1.1.3 for 2021-2022 @t1",
"e","kotlin.code.style=official
kotlin.version=1.6.10
agp.version=4.2.2
compose.version=1.1.0","","0","1653778775500","gradle.properties","1.1.3 for 2021-2022 @t1",
"a","Outside edit","","","1653778775501","CircleTest.java","1.1.3 for 2021-2022 @t1",
"a","Outside edit","","","1653778775502","CircleTest.kt","1.1.3 for 2021-2022 @t1",
"a","ShowYourWork Init","","","000","ShowYourWork Init","1.1.3 for 2021-2022 @t1",
"e","dependencies {
}
 ","","396","1653872256469","build.gradle.kts","1.1.3 for 2021-2022 @t1",
"e","","
 ","412","1653872256530","build.gradle.kts","1.1.3 for 2021-2022 @t1",
"e","
 ","","396","1653872256531","build.gradle.kts","1.1.3 for 2021-2022 @t1",
"e"," 
","","397","1653872256533","build.gradle.kts","1.1.3 for 2021-2022 @t1",
"e",""," 
","397","1653872256535","build.gradle.kts","1.1.3 for 2021-2022 @t1",
"e","implementation()","","413","1653872256537","build.gradle.kts","1.1.3 for 2021-2022 @t1",
"e","
 ","","429","1653872256540","build.gradle.kts","1.1.3 for 2021-2022 @t1",
"e","""org.junit.jupiter:junit-jupiter:5.8.1""","","428","1653872256549","build.gradle.kts","1.1.3 for 2021-2022 @t1",
"e",""," ","397","1653872256559","build.gradle.kts","1.1.3 for 2021-2022 @t1",
"e","    ","","412","1653872256559","build.gradle.kts","1.1.3 for 2021-2022 @t1",
"e",""," ","472","1653872256560","build.gradle.kts","1.1.3 for 2021-2022 @t1",
"e","implementation()","","471","1653872261623","build.gradle.kts","1.1.3 for 2021-2022 @t1",
"e","
 ","","471","1653872261627","build.gradle.kts","1.1.3 for 2021-2022 @t1",
"e","""org.junit.jupiter:junit-jupiter:5.8.1""","","488","1653872261638","build.gradle.kts","1.1.3 for 2021-2022 @t1",
"e","   ","","472","1653872261644","build.gradle.kts","1.1.3 for 2021-2022 @t1",
"e","implementation()","","531","1653872266742","build.gradle.kts","1.1.3 for 2021-2022 @t1",
"e","
 ","","531","1653872266746","build.gradle.kts","1.1.3 for 2021-2022 @t1",
"e","""junit:junit:4.13.1""","","548","1653872266757","build.gradle.kts","1.1.3 for 2021-2022 @t1",
"e","   ","","532","1653872266764","build.gradle.kts","1.1.3 for 2021-2022 @t1",
"e","","    implementation(""org.junit.jupiter:junit-jupiter:5.8.1"")
    implementation(""junit:junit:4.13.1"")
","472","1653872329995","build.gradle.kts","1.1.3 for 2021-2022 @t1",
"e","private fun<> DependencyHandlerScope.implementation(p0: Any) {

}","","1062","1653872339378","build.gradle.kts","1.1.3 for 2021-2022 @t1",
"e","

","","1062","1653872339382","build.gradle.kts","1.1.3 for 2021-2022 @t1",
"e","","
","1063","1653872339386","build.gradle.kts","1.1.3 for 2021-2022 @t1",
"e","
","","1128","1653872339389","build.gradle.kts","1.1.3 for 2021-2022 @t1",
"e"," ","","1074","1653872339397","build.gradle.kts","1.1.3 for 2021-2022 @t1",
"e",""," <>","1074","1653872339412","build.gradle.kts","1.1.3 for 2021-2022 @t1",
"e","","p0","1113","1653872339412","build.gradle.kts","1.1.3 for 2021-2022 @t1",
"e","","Any","1115","1653872339412","build.gradle.kts","1.1.3 for 2021-2022 @t1",
"e","arg","","1113","1653872339418","build.gradle.kts","1.1.3 for 2021-2022 @t1",
"e","String","","1118","1653872339420","build.gradle.kts","1.1.3 for 2021-2022 @t1",
"e","","arg","1113","1653872339424","build.gradle.kts","1.1.3 for 2021-2022 @t1",
"e","s","","1113","1653872339425","build.gradle.kts","1.1.3 for 2021-2022 @t1",
"e","a","","1074","1653872339429","build.gradle.kts","1.1.3 for 2021-2022 @t1",
"e","","a","1074","1653872339430","build.gradle.kts","1.1.3 for 2021-2022 @t1",
"e","a","","1074","1653872343853","build.gradle.kts","1.1.3 for 2021-2022 @t1",
"e","","a","1074","1653872343854","build.gradle.kts","1.1.3 for 2021-2022 @t1",
"e","","s","1113","1653872343856","build.gradle.kts","1.1.3 for 2021-2022 @t1",
"e","arg","","1113","1653872343857","build.gradle.kts","1.1.3 for 2021-2022 @t1",
"e","","String","1118","1653872343857","build.gradle.kts","1.1.3 for 2021-2022 @t1",
"e","","arg","1113","1653872343857","build.gradle.kts","1.1.3 for 2021-2022 @t1",
"e","Any","","1115","1653872343862","build.gradle.kts","1.1.3 for 2021-2022 @t1",
"e","p0","","1113","1653872343863","build.gradle.kts","1.1.3 for 2021-2022 @t1",
"e"," <>","","1074","1653872343864","build.gradle.kts","1.1.3 for 2021-2022 @t1",
"e",""," ","1074","1653872343865","build.gradle.kts","1.1.3 for 2021-2022 @t1",
"e","","
","1128","1653872343866","build.gradle.kts","1.1.3 for 2021-2022 @t1",
"e","
","","1063","1653872343867","build.gradle.kts","1.1.3 for 2021-2022 @t1",
"e","","

","1062","1653872343868","build.gradle.kts","1.1.3 for 2021-2022 @t1",
"e","","private fun<> DependencyHandlerScope.implementation(p0: Any) {

}","1062","1653872343871","build.gradle.kts","1.1.3 for 2021-2022 @t1",
"p","commonTestImplementation",,"416","1653936237558","build.gradle.kts","1.1.3 for 2021-2022 @t1",
"e","","i","416","1653936237561","build.gradle.kts","1.1.3 for 2021-2022 @t1",
"e","commonTestI","","416","1653936237562","build.gradle.kts","1.1.3 for 2021-2022 @t1",
"p","sourceSets {
        . . .
        val jvmTest by getting {
            // Snippet starts here
            tasks.withType<Test>() {
                useJUnitPlatform()
            }
            // And ends here
        }
    }",,"804","1653937987949","build.gradle.kts","1.1.3 for 2021-2022 @t1",
"e","        . . .
","","626","1653937987958","build.gradle.kts","1.1.3 for 2021-2022 @t1",
"e","","Main","655","1653937987958","build.gradle.kts","1.1.3 for 2021-2022 @t1",
"e","Test","","655","1653937987959","build.gradle.kts","1.1.3 for 2021-2022 @t1",
"e","","dependencies {
                implementation(compose.desktop.currentOs","685","1653937987958","build.gradle.kts","1.1.3 for 2021-2022 @t1",
"e","// Snippet starts here
            tasks.withType<Test>() {
                useJUnitPlatform(","","685","1653937987959","build.gradle.kts","1.1.3 for 2021-2022 @t1",
"e","","}
","802","1653937987958","build.gradle.kts","1.1.3 for 2021-2022 @t1",
"e","","    val jvmTest by getting","806","1653937987959","build.gradle.kts","1.1.3 for 2021-2022 @t1",
"e","// And ends here
        }","","806","1653937987960","build.gradle.kts","1.1.3 for 2021-2022 @t1",
"e","","    . . .
    ","630","1653937998487","build.gradle.kts","1.1.3 for 2021-2022 @t1",
"e","","Test","641","1653937998487","build.gradle.kts","1.1.3 for 2021-2022 @t1",
"e","Main","","641","1653937998488","build.gradle.kts","1.1.3 for 2021-2022 @t1",
"e","","// Snippet starts here
            tasks.withType<Test>() {
                useJUnitPlatform(","671","1653937998487","build.gradle.kts","1.1.3 for 2021-2022 @t1",
"e","dependencies {
                implementation(compose.desktop.currentOs","","671","1653937998488","build.gradle.kts","1.1.3 for 2021-2022 @t1",
"e","","    // And ends here
        }","766","1653937998487","build.gradle.kts","1.1.3 for 2021-2022 @t1",
"e","}
        val jvmTest by getting","","766","1653937998488","build.gradle.kts","1.1.3 for 2021-2022 @t1",
"e"," ","","798","1653938010692","build.gradle.kts","1.1.3 for 2021-2022 @t1",
"k"," ",,"799","1653938010695","build.gradle.kts","1.1.3 for 2021-2022 @t1",
"e","{","","799","1653938010915","build.gradle.kts","1.1.3 for 2021-2022 @t1",
"e","}","","800","1653938010916","build.gradle.kts","1.1.3 for 2021-2022 @t1",
"k","{",,"800","1653938010919","build.gradle.kts","1.1.3 for 2021-2022 @t1",
"e","
        ","","800","1653938011287","build.gradle.kts","1.1.3 for 2021-2022 @t1",
"e","        
","","801","1653938011301","build.gradle.kts","1.1.3 for 2021-2022 @t1",
"e","    ","","809","1653938011303","build.gradle.kts","1.1.3 for 2021-2022 @t1",
"e"," ","","813","1653938011901","build.gradle.kts","1.1.3 for 2021-2022 @t1",
"k"," ",,"814","1653938011902","build.gradle.kts","1.1.3 for 2021-2022 @t1",
"e"," ","","814","1653938012397","build.gradle.kts","1.1.3 for 2021-2022 @t1",
"k"," ",,"815","1653938012398","build.gradle.kts","1.1.3 for 2021-2022 @t1",
"e",""," ","814","1653938013539","build.gradle.kts","1.1.3 for 2021-2022 @t1",
"e",""," ","813","1653938013540","build.gradle.kts","1.1.3 for 2021-2022 @t1",
"p","tasks.withType<Test>() {
                useJUnitPlatform()",,"813","1653938016972","build.gradle.kts","1.1.3 for 2021-2022 @t1",
"e","tasks.withType<Test>() {
                useJUnitPlatform()","","813","1653938016977","build.gradle.kts","1.1.3 for 2021-2022 @t1",
"e"," ","","872","1653938018823","build.gradle.kts","1.1.3 for 2021-2022 @t1",
"k"," ",,"873","1653938018823","build.gradle.kts","1.1.3 for 2021-2022 @t1",
"e","        
        ","","882","1653938026288","build.gradle.kts","1.1.3 for 2021-2022 @t1",
"e","","    ","886","1653938027121","build.gradle.kts","1.1.3 for 2021-2022 @t1",
"e","}","","886","1653938027507","build.gradle.kts","1.1.3 for 2021-2022 @t1",
"e",""," ","872","1653938027543","build.gradle.kts","1.1.3 for 2021-2022 @t1",
"k","}",,"886","1653938027544","build.gradle.kts","1.1.3 for 2021-2022 @t1",
