/src/main/kotlin/Shape.kt
/src/main/kotlin/Point.kt
/src/main/kotlin/Line.kt
/src/test/kotlin/ShapeTest.java
/src/test/kotlin/ShapeTest.kt
/src/main/kotlin/Circle.kt
/src/main/kotlin/Rectangle.kt
/src/test/kotlin/PointTest.java
/src/test/kotlin/PointTest.kt
/src/test/kotlin/LineTest.java
/src/test/kotlin/LineTest.kt
/src/test/kotlin/MyPointTest.kt
/src/main/kotlin/Ellipse.kt
/src/main/kotlin/Triangle.kt
/src/main/kotlin/Square.kt
/src/main/kotlin/MyPoint.kt
t-platform-commons/1.8.1/junit-platform-commons-1.8.1.jar!/org/junit/platform/commons/util/ReflectionUtils.class
/src/test/kotlin/RectangleTest.java
/src/test/kotlin/RectangleTest.kt
/src/main/kotlin/MyTriangle.kt
/src/test/kotlin/TriangleTest.java
/src/test/kotlin/TriangleTest0.java
/src/test/kotlin/TriangleTest.kt
/src/test/kotlin/SquareTest.java
/src/test/kotlin/SquareTest.kt
/src/test/kotlin/EllipseTest.java
/src/test/kotlin/EllipseTest.kt
/src/test/kotlin/CircleTest.java
/src/test/kotlin/CircleTest.kt
/.idea/.gitignore
/.idea/workspace.xml
/assn3/gradle.properties
/assn3/.idea/.gitignore
/build.gradle.kts
/gradle.properties
/src/jvmTest/kotlin/CircleTest.java
/src/jvmTest/kotlin/CircleTest.kt
/src/jvmMain/kotlin/Shape.kt
/src/jvmMain/kotlin/Point.kt
/src/jvmMain/kotlin/Line.kt
/src/jvmMain/kotlin/MyPoint.kt
/src/jvmMain/kotlin/Rectangle.kt
/src/jvmMain/kotlin/Triangle.kt
/src/jvmMain/kotlin/Ellipse.kt
/src/jvmMain/kotlin/Square.kt
/src/jvmTest/kotlin/SquareTest.java
/src/jvmTest/kotlin/SquareTest.kt
/src/jvmMain/kotlin/Circle.kt
/src/jvmTest/kotlin/RectangleTest.java
/src/jvmTest/kotlin/RectangleTest.kt
assn1/src/main/kotlin/Rectangle.kt
/src/jvmTest/kotlin/EllipseTest.kt
/src/jvmTest/kotlin/LineTest.kt
/src/jvmTest/kotlin/MyPointTest.kt
/src/jvmTest/kotlin/TriangleTest.kt
/src/jvmMain/Pentagon.kt
/src/jvmTest/kotlin/PentagonTest.java
/src/jvmTest/kotlin/PentagonTest.kt
/src/jvmMain/kotlin/Pentagon.kt
/src/jvmMain/kotlin/CompositeShape.kt
/src/jvmMain/kotlin/NPointStar.kt
/src/jvmTest/kotlin/NPointStarTest.java
/src/jvmTest/kotlin/NPointStarTest.kt
/src/jvmTest/kotlin/CompositeShapeTest.java
/src/jvmTest/kotlin/CompositeShapeTest.kt
/src/jvmMain/kotlin/ShapeFactory.kt
/src/jvmMain/kotlin/ShapeStrategy.kt
/src/jvmMain/kotlin/ShapeStategy.kt
/src/jvmMain/kotlin/Main.kt
/src/jvmMain/kotlin/Question.java
/src/jvmMain/Question.kt
ain/kotlin/TrackingSimulator.kt
/src/jvmMain/kotlin/StrategyClasses/MakeRectangle.kt
/src/jvmMain/kotlin/StrategyClasses/ShapeStrategy.kt
/src/jvmMain/kotlin/StrategyClasses/MakeSquare.kt
/src/jvmMain/kotlin/StrategyClasses/MakeEllipse.kt
/src/jvmMain/kotlin/StrategyClasses/MakeCircle.kt
/src/jvmMain/kotlin/StrategyClasses/MakeTriangle.kt
/src/jvmMain/kotlin/StrategyClasses/MakePent.kt
/src/jvmMain/kotlin/StrategyClasses/MakeStar.kt
/src/jvmMain/kotlin/StrategyClasses/MakeComp.kt
/src/jvmMain/kotlin/StrategyClasses/MakeCompShape.kt
/src/jvmMain/kotlin/strategyClasses/MakeSquare.kt
/src/jvmMain/kotlin/strategyClasses/MakeEllipse.kt
/src/jvmMain/kotlin/strategyClasses/MakeCircle.kt
/src/jvmMain/kotlin/strategyClasses/MakePent.kt
/src/jvmMain/kotlin/strategyClasses/MakeStar.kt
/src/jvmMain/kotlin/strategyClasses/MakeTriangle.kt
/src/jvmMain/kotlin/Question.kt
/src/jvmMain/kotlin/strategyClasses/MakeCompShape.kt
/src/jvmMain/kotlin/strategyClasses/MakeRectangle.kt
/src/jvmMain/kotlin/TestViewHelper.kt
