"a","Outside edit","","","1653609936166",".gitignore","1.1.3 for 2021-2022 @t1",
"a","Outside edit","","","1653609936167","Main.kt","1.1.3 for 2021-2022 @t1",
"a","Outside edit","","","1653609936167","TrackerViewHelper.kt","1.1.3 for 2021-2022 @t1",
"a","Outside edit","","","1653609936168","TrackingSimulator.kt","1.1.3 for 2021-2022 @t1",
"a","Outside edit","","","1653609936168","Shipment.kt","1.1.3 for 2021-2022 @t1",
"a","Outside edit","","","1653609936168","ShippingUpdate.kt","1.1.3 for 2021-2022 @t1",
"a","Outside edit","","","1653609936169","Observer.kt","1.1.3 for 2021-2022 @t1",
"a","Outside edit","","","1653609936169","Observable.kt","1.1.3 for 2021-2022 @t1",
"a","Outside edit","","","1653609936169","ShipmentStrategy.kt","1.1.3 for 2021-2022 @t1",
"a","Outside edit","","","1653609936170","workspace.xml","1.1.3 for 2021-2022 @t1",
"a","Outside edit","","","1653609936170","CreateShipmentStrategy.kt","1.1.3 for 2021-2022 @t1",
"a","Outside edit","","","1653609936171","CreatedStrategy.kt","1.1.3 for 2021-2022 @t1",
"a","Outside edit","","","1653609936171","DeliveredStrategy.kt","1.1.3 for 2021-2022 @t1",
"a","Outside edit","","","1653609936171","CancelledStrategy.kt","1.1.3 for 2021-2022 @t1",
"a","Outside edit","","","1653609936172","ShippedStrategy.kt","1.1.3 for 2021-2022 @t1",
"a","Outside edit","","","1653609936172","LostStrategy.kt","1.1.3 for 2021-2022 @t1",
"a","Outside edit","","","1653609936172","DelayedStrategy.kt","1.1.3 for 2021-2022 @t1",
"a","Outside edit","","","1653609936173","LocationStrategy.kt","1.1.3 for 2021-2022 @t1",
"a","Outside edit","","","1653609936173","NoteAddedStrategy.kt","1.1.3 for 2021-2022 @t1",
"a","Outside edit","","","1653609936173",".gitignore","1.1.3 for 2021-2022 @t1",
"e","","No Phanon history found: /Users/beccazitting/USU/SENIOR/1 - SUMMER/5700/Assn3/assn3/showyourwork/showyourwork.log Player unable to render
","0","1653609936173",".gitignore","1.1.3 for 2021-2022 @t1",
"e","","","0","1653609936174",".gitignore","1.1.3 for 2021-2022 @t1",
"a","Outside edit","","","1653609936174",".gitignore","1.1.3 for 2021-2022 @t1",
"a","Outside edit","","","1653609936174","Main.kt","1.1.3 for 2021-2022 @t1",
"a","Outside edit","","","1653609936175","TrackerViewHelper.kt","1.1.3 for 2021-2022 @t1",
"a","Outside edit","","","1653609936175","TrackingSimulator.kt","1.1.3 for 2021-2022 @t1",
"a","Outside edit","","","1653609936175","Shipment.kt","1.1.3 for 2021-2022 @t1",
"a","Outside edit","","","1653609936177","ShippingUpdate.kt","1.1.3 for 2021-2022 @t1",
"a","Outside edit","","","1653609936180","Observer.kt","1.1.3 for 2021-2022 @t1",
"a","Outside edit","","","1653609936180","Observable.kt","1.1.3 for 2021-2022 @t1",
"a","Outside edit","","","1653609936180","ShipmentStrategy.kt","1.1.3 for 2021-2022 @t1",
"a","Outside edit","","","1653609936181","workspace.xml","1.1.3 for 2021-2022 @t1",
"a","Outside edit","","","1653609936182","CreateShipmentStrategy.kt","1.1.3 for 2021-2022 @t1",
"a","Outside edit","","","1653609936182","CreatedStrategy.kt","1.1.3 for 2021-2022 @t1",
"a","Outside edit","","","1653609936183","DeliveredStrategy.kt","1.1.3 for 2021-2022 @t1",
"a","Outside edit","","","1653609936183","CancelledStrategy.kt","1.1.3 for 2021-2022 @t1",
"a","Outside edit","","","1653609936183","ShippedStrategy.kt","1.1.3 for 2021-2022 @t1",
"a","Outside edit","","","1653609936184","LostStrategy.kt","1.1.3 for 2021-2022 @t1",
"a","Outside edit","","","1653609936185","DelayedStrategy.kt","1.1.3 for 2021-2022 @t1",
"a","Outside edit","","","1653609936185","LocationStrategy.kt","1.1.3 for 2021-2022 @t1",
"a","Outside edit","","","1653609936186","NoteAddedStrategy.kt","1.1.3 for 2021-2022 @t1",
"a","Outside edit","","","1653609936186","TrackingSimulatorTest.java","1.1.3 for 2021-2022 @t1",
"a","Outside edit","","","1653609936187","TrackingSimulatorTest.kt","1.1.3 for 2021-2022 @t1",
"a","Outside edit","","","1653609936187","TrackerViewHelperTest.java","1.1.3 for 2021-2022 @t1",
"a","Outside edit","","","1653609936187","TrackerViewHelperTest.kt","1.1.3 for 2021-2022 @t1",
"a","Outside edit","","","1653609936188","CanceledStrategy.kt","1.1.3 for 2021-2022 @t1",
"a","Outside edit","","","1653609936188",".gitignore","1.1.3 for 2021-2022 @t1",
"a","ShowYourWork Init","","","000","ShowYourWork Init","1.1.3 for 2021-2022 @t1",
