"e","","No Phanon history found: /Users/beccazitting/USU/SENIOR/1 - SUMMER/5700/Assn3/assn3/src/main/kotlin/showyourwork/showyourwork.log Player unable to render
","0","1653609936167","Main.kt","1.1.3 for 2021-2022 @t1",
"e","","","0","1653609936167","Main.kt","1.1.3 for 2021-2022 @t1",
"e","","No Phanon history found: /Users/beccazitting/USU/SENIOR/1 - SUMMER/5700/Assn3/assn3/src/main/kotlin/showyourwork/showyourwork.log Player unable to render
","0","1653609936167","TrackerViewHelper.kt","1.1.3 for 2021-2022 @t1",
"e","","","0","1653609936167","TrackerViewHelper.kt","1.1.3 for 2021-2022 @t1",
"e","","No Phanon history found: /Users/beccazitting/USU/SENIOR/1 - SUMMER/5700/Assn3/assn3/src/main/kotlin/showyourwork/showyourwork.log Player unable to render
","0","1653609936168","TrackingSimulator.kt","1.1.3 for 2021-2022 @t1",
"e","","","0","1653609936168","TrackingSimulator.kt","1.1.3 for 2021-2022 @t1",
"e","","No Phanon history found: /Users/beccazitting/USU/SENIOR/1 - SUMMER/5700/Assn3/assn3/src/main/kotlin/showyourwork/showyourwork.log Player unable to render
","0","1653609936168","Shipment.kt","1.1.3 for 2021-2022 @t1",
"e","","","0","1653609936168","Shipment.kt","1.1.3 for 2021-2022 @t1",
"e","","No Phanon history found: /Users/beccazitting/USU/SENIOR/1 - SUMMER/5700/Assn3/assn3/src/main/kotlin/showyourwork/showyourwork.log Player unable to render
","0","1653609936168","ShippingUpdate.kt","1.1.3 for 2021-2022 @t1",
"e","","","0","1653609936168","ShippingUpdate.kt","1.1.3 for 2021-2022 @t1",
"e","","No Phanon history found: /Users/beccazitting/USU/SENIOR/1 - SUMMER/5700/Assn3/assn3/src/main/kotlin/showyourwork/showyourwork.log Player unable to render
","0","1653609936169","Observer.kt","1.1.3 for 2021-2022 @t1",
"e","","","0","1653609936169","Observer.kt","1.1.3 for 2021-2022 @t1",
"e","","No Phanon history found: /Users/beccazitting/USU/SENIOR/1 - SUMMER/5700/Assn3/assn3/src/main/kotlin/showyourwork/showyourwork.log Player unable to render
","0","1653609936169","Observable.kt","1.1.3 for 2021-2022 @t1",
"e","","","0","1653609936169","Observable.kt","1.1.3 for 2021-2022 @t1",
"e","","No Phanon history found: /Users/beccazitting/USU/SENIOR/1 - SUMMER/5700/Assn3/assn3/src/main/kotlin/showyourwork/showyourwork.log Player unable to render
","0","1653609936169","ShipmentStrategy.kt","1.1.3 for 2021-2022 @t1",
"e","","","0","1653609936170","ShipmentStrategy.kt","1.1.3 for 2021-2022 @t1",
"e","","No Phanon history found: /Users/beccazitting/USU/SENIOR/1 - SUMMER/5700/Assn3/assn3/src/main/kotlin/showyourwork/showyourwork.log Player unable to render
","0","1653609936170","CreateShipmentStrategy.kt","1.1.3 for 2021-2022 @t1",
"e","","","0","1653609936170","CreateShipmentStrategy.kt","1.1.3 for 2021-2022 @t1",
"e","","No Phanon history found: /Users/beccazitting/USU/SENIOR/1 - SUMMER/5700/Assn3/assn3/src/main/kotlin/showyourwork/showyourwork.log Player unable to render
","0","1653609936171","CreatedStrategy.kt","1.1.3 for 2021-2022 @t1",
"e","","","0","1653609936171","CreatedStrategy.kt","1.1.3 for 2021-2022 @t1",
"e","","No Phanon history found: /Users/beccazitting/USU/SENIOR/1 - SUMMER/5700/Assn3/assn3/src/main/kotlin/showyourwork/showyourwork.log Player unable to render
","0","1653609936171","DeliveredStrategy.kt","1.1.3 for 2021-2022 @t1",
"e","","","0","1653609936171","DeliveredStrategy.kt","1.1.3 for 2021-2022 @t1",
"e","","No Phanon history found: /Users/beccazitting/USU/SENIOR/1 - SUMMER/5700/Assn3/assn3/src/main/kotlin/showyourwork/showyourwork.log Player unable to render
","0","1653609936171","CancelledStrategy.kt","1.1.3 for 2021-2022 @t1",
"e","","","0","1653609936171","CancelledStrategy.kt","1.1.3 for 2021-2022 @t1",
"e","","No Phanon history found: /Users/beccazitting/USU/SENIOR/1 - SUMMER/5700/Assn3/assn3/src/main/kotlin/showyourwork/showyourwork.log Player unable to render
","0","1653609936172","ShippedStrategy.kt","1.1.3 for 2021-2022 @t1",
"e","","","0","1653609936172","ShippedStrategy.kt","1.1.3 for 2021-2022 @t1",
"e","","No Phanon history found: /Users/beccazitting/USU/SENIOR/1 - SUMMER/5700/Assn3/assn3/src/main/kotlin/showyourwork/showyourwork.log Player unable to render
","0","1653609936172","LostStrategy.kt","1.1.3 for 2021-2022 @t1",
"e","","","0","1653609936172","LostStrategy.kt","1.1.3 for 2021-2022 @t1",
"e","","No Phanon history found: /Users/beccazitting/USU/SENIOR/1 - SUMMER/5700/Assn3/assn3/src/main/kotlin/showyourwork/showyourwork.log Player unable to render
","0","1653609936172","DelayedStrategy.kt","1.1.3 for 2021-2022 @t1",
"e","","","0","1653609936172","DelayedStrategy.kt","1.1.3 for 2021-2022 @t1",
"e","","No Phanon history found: /Users/beccazitting/USU/SENIOR/1 - SUMMER/5700/Assn3/assn3/src/main/kotlin/showyourwork/showyourwork.log Player unable to render
","0","1653609936173","LocationStrategy.kt","1.1.3 for 2021-2022 @t1",
"e","","","0","1653609936173","LocationStrategy.kt","1.1.3 for 2021-2022 @t1",
"e","","No Phanon history found: /Users/beccazitting/USU/SENIOR/1 - SUMMER/5700/Assn3/assn3/src/main/kotlin/showyourwork/showyourwork.log Player unable to render
","0","1653609936173","NoteAddedStrategy.kt","1.1.3 for 2021-2022 @t1",
"e","","","0","1653609936173","NoteAddedStrategy.kt","1.1.3 for 2021-2022 @t1",
"e","","No Phanon history found: /Users/beccazitting/USU/SENIOR/1 - SUMMER/5700/Assn3/assn3/src/main/kotlin/showyourwork/showyourwork.log Player unable to render
","0","1653609936174","Main.kt","1.1.3 for 2021-2022 @t1",
"e","","","0","1653609936174","Main.kt","1.1.3 for 2021-2022 @t1",
"e","","No Phanon history found: /Users/beccazitting/USU/SENIOR/1 - SUMMER/5700/Assn3/assn3/src/main/kotlin/showyourwork/showyourwork.log Player unable to render
","0","1653609936175","TrackerViewHelper.kt","1.1.3 for 2021-2022 @t1",
"e","","","0","1653609936175","TrackerViewHelper.kt","1.1.3 for 2021-2022 @t1",
"e","","No Phanon history found: /Users/beccazitting/USU/SENIOR/1 - SUMMER/5700/Assn3/assn3/src/main/kotlin/showyourwork/showyourwork.log Player unable to render
","0","1653609936175","TrackingSimulator.kt","1.1.3 for 2021-2022 @t1",
"e","","","0","1653609936175","TrackingSimulator.kt","1.1.3 for 2021-2022 @t1",
"e","","No Phanon history found: /Users/beccazitting/USU/SENIOR/1 - SUMMER/5700/Assn3/assn3/src/main/kotlin/showyourwork/showyourwork.log Player unable to render
","0","1653609936175","Shipment.kt","1.1.3 for 2021-2022 @t1",
"e","","","0","1653609936177","Shipment.kt","1.1.3 for 2021-2022 @t1",
"e","","No Phanon history found: /Users/beccazitting/USU/SENIOR/1 - SUMMER/5700/Assn3/assn3/src/main/kotlin/showyourwork/showyourwork.log Player unable to render
","0","1653609936177","ShippingUpdate.kt","1.1.3 for 2021-2022 @t1",
"e","","","0","1653609936177","ShippingUpdate.kt","1.1.3 for 2021-2022 @t1",
"e","","No Phanon history found: /Users/beccazitting/USU/SENIOR/1 - SUMMER/5700/Assn3/assn3/src/main/kotlin/showyourwork/showyourwork.log Player unable to render
","0","1653609936180","Observer.kt","1.1.3 for 2021-2022 @t1",
"e","","","0","1653609936180","Observer.kt","1.1.3 for 2021-2022 @t1",
"e","","No Phanon history found: /Users/beccazitting/USU/SENIOR/1 - SUMMER/5700/Assn3/assn3/src/main/kotlin/showyourwork/showyourwork.log Player unable to render
","0","1653609936180","Observable.kt","1.1.3 for 2021-2022 @t1",
"e","","","0","1653609936180","Observable.kt","1.1.3 for 2021-2022 @t1",
"e","","No Phanon history found: /Users/beccazitting/USU/SENIOR/1 - SUMMER/5700/Assn3/assn3/src/main/kotlin/showyourwork/showyourwork.log Player unable to render
","0","1653609936180","ShipmentStrategy.kt","1.1.3 for 2021-2022 @t1",
"e","","","0","1653609936180","ShipmentStrategy.kt","1.1.3 for 2021-2022 @t1",
"e","","No Phanon history found: /Users/beccazitting/USU/SENIOR/1 - SUMMER/5700/Assn3/assn3/src/main/kotlin/showyourwork/showyourwork.log Player unable to render
","0","1653609936182","CreateShipmentStrategy.kt","1.1.3 for 2021-2022 @t1",
"e","","","0","1653609936182","CreateShipmentStrategy.kt","1.1.3 for 2021-2022 @t1",
"e","","No Phanon history found: /Users/beccazitting/USU/SENIOR/1 - SUMMER/5700/Assn3/assn3/src/main/kotlin/showyourwork/showyourwork.log Player unable to render
","0","1653609936182","CreatedStrategy.kt","1.1.3 for 2021-2022 @t1",
"e","","","0","1653609936182","CreatedStrategy.kt","1.1.3 for 2021-2022 @t1",
"e","","No Phanon history found: /Users/beccazitting/USU/SENIOR/1 - SUMMER/5700/Assn3/assn3/src/main/kotlin/showyourwork/showyourwork.log Player unable to render
","0","1653609936183","DeliveredStrategy.kt","1.1.3 for 2021-2022 @t1",
"e","","","0","1653609936183","DeliveredStrategy.kt","1.1.3 for 2021-2022 @t1",
"e","","No Phanon history found: /Users/beccazitting/USU/SENIOR/1 - SUMMER/5700/Assn3/assn3/src/main/kotlin/showyourwork/showyourwork.log Player unable to render
","0","1653609936183","CancelledStrategy.kt","1.1.3 for 2021-2022 @t1",
"e","","","0","1653609936183","CancelledStrategy.kt","1.1.3 for 2021-2022 @t1",
"e","","No Phanon history found: /Users/beccazitting/USU/SENIOR/1 - SUMMER/5700/Assn3/assn3/src/main/kotlin/showyourwork/showyourwork.log Player unable to render
","0","1653609936183","ShippedStrategy.kt","1.1.3 for 2021-2022 @t1",
"e","","","0","1653609936183","ShippedStrategy.kt","1.1.3 for 2021-2022 @t1",
"e","","No Phanon history found: /Users/beccazitting/USU/SENIOR/1 - SUMMER/5700/Assn3/assn3/src/main/kotlin/showyourwork/showyourwork.log Player unable to render
","0","1653609936184","LostStrategy.kt","1.1.3 for 2021-2022 @t1",
"e","","","0","1653609936184","LostStrategy.kt","1.1.3 for 2021-2022 @t1",
"e","","No Phanon history found: /Users/beccazitting/USU/SENIOR/1 - SUMMER/5700/Assn3/assn3/src/main/kotlin/showyourwork/showyourwork.log Player unable to render
","0","1653609936185","DelayedStrategy.kt","1.1.3 for 2021-2022 @t1",
"e","","","0","1653609936185","DelayedStrategy.kt","1.1.3 for 2021-2022 @t1",
"e","","No Phanon history found: /Users/beccazitting/USU/SENIOR/1 - SUMMER/5700/Assn3/assn3/src/main/kotlin/showyourwork/showyourwork.log Player unable to render
","0","1653609936185","LocationStrategy.kt","1.1.3 for 2021-2022 @t1",
"e","","","0","1653609936185","LocationStrategy.kt","1.1.3 for 2021-2022 @t1",
"e","","No Phanon history found: /Users/beccazitting/USU/SENIOR/1 - SUMMER/5700/Assn3/assn3/src/main/kotlin/showyourwork/showyourwork.log Player unable to render
","0","1653609936186","NoteAddedStrategy.kt","1.1.3 for 2021-2022 @t1",
"e","","","0","1653609936186","NoteAddedStrategy.kt","1.1.3 for 2021-2022 @t1",
"e","","No Phanon history found: /Users/beccazitting/USU/SENIOR/1 - SUMMER/5700/Assn3/assn3/src/main/kotlin/showyourwork/showyourwork.log Player unable to render
","0","1653609936188","CanceledStrategy.kt","1.1.3 for 2021-2022 @t1",
"e","","","0","1653609936188","CanceledStrategy.kt","1.1.3 for 2021-2022 @t1",
"e","class Main {
}","","0","1653609961314","Main.kt","1.1.3 for 2021-2022 @t1",
"e","
","","13","1653609969903","Main.kt","1.1.3 for 2021-2022 @t1",
"e","    ","","13","1653609969904","Main.kt","1.1.3 for 2021-2022 @t1",
"e","p","","17","1653609970586","Main.kt","1.1.3 for 2021-2022 @t1",
"k","p",,"18","1653609970586","Main.kt","1.1.3 for 2021-2022 @t1",
"e","$","","18","1653609970616","Main.kt","1.1.3 for 2021-2022 @t1",
"e","","$","18","1653609970691","Main.kt","1.1.3 for 2021-2022 @t1",
"e","s","","18","1653609970692","Main.kt","1.1.3 for 2021-2022 @t1",
"k","s",,"19","1653609970692","Main.kt","1.1.3 for 2021-2022 @t1",
"e","$","","19","1653609970707","Main.kt","1.1.3 for 2021-2022 @t1",
"e","","$","19","1653609970822","Main.kt","1.1.3 for 2021-2022 @t1",
"e","v","","19","1653609970823","Main.kt","1.1.3 for 2021-2022 @t1",
"k","v",,"20","1653609970822","Main.kt","1.1.3 for 2021-2022 @t1",
"e","m","","20","1653609970988","Main.kt","1.1.3 for 2021-2022 @t1",
"k","m",,"21","1653609970989","Main.kt","1.1.3 for 2021-2022 @t1",
"e","    ","","21","1653609971211","Main.kt","1.1.3 for 2021-2022 @t1",
"e",""," ","24","1653609971909","Main.kt","1.1.3 for 2021-2022 @t1",
"e",""," ","23","1653609972992","Main.kt","1.1.3 for 2021-2022 @t1",
"e",""," ","22","1653609973204","Main.kt","1.1.3 for 2021-2022 @t1",
"e",""," ","21","1653609973405","Main.kt","1.1.3 for 2021-2022 @t1",
"e","","m","20","1653609974329","Main.kt","1.1.3 for 2021-2022 @t1",
"e","","v","19","1653609974507","Main.kt","1.1.3 for 2021-2022 @t1",
"e","","s","18","1653609974674","Main.kt","1.1.3 for 2021-2022 @t1",
"e","","p","17","1653609974823","Main.kt","1.1.3 for 2021-2022 @t1",
"e","s","","17","1653609975106","Main.kt","1.1.3 for 2021-2022 @t1",
"k","s",,"18","1653609975106","Main.kt","1.1.3 for 2021-2022 @t1",
"e","$","","18","1653609975121","Main.kt","1.1.3 for 2021-2022 @t1",
"e","","$","18","1653609975258","Main.kt","1.1.3 for 2021-2022 @t1",
"e","o","","18","1653609975259","Main.kt","1.1.3 for 2021-2022 @t1",
"k","o",,"19","1653609975309","Main.kt","1.1.3 for 2021-2022 @t1",
"e","$","","19","1653609975335","Main.kt","1.1.3 for 2021-2022 @t1",
"e","","o$","18","1653609975429","Main.kt","1.1.3 for 2021-2022 @t1",
"e","","s","17","1653609975592","Main.kt","1.1.3 for 2021-2022 @t1",
"e","p","","17","1653609975887","Main.kt","1.1.3 for 2021-2022 @t1",
"k","p",,"18","1653609975887","Main.kt","1.1.3 for 2021-2022 @t1",
"e","$","","18","1653609975899","Main.kt","1.1.3 for 2021-2022 @t1",
"e","","$","18","1653609976048","Main.kt","1.1.3 for 2021-2022 @t1",
"e","s","","18","1653609976049","Main.kt","1.1.3 for 2021-2022 @t1",
"k","s",,"19","1653609976069","Main.kt","1.1.3 for 2021-2022 @t1",
"e","$","","19","1653609976087","Main.kt","1.1.3 for 2021-2022 @t1",
"e","","$","19","1653609976173","Main.kt","1.1.3 for 2021-2022 @t1",
"e","v","","19","1653609976174","Main.kt","1.1.3 for 2021-2022 @t1",
"k","v",,"20","1653609976174","Main.kt","1.1.3 for 2021-2022 @t1",
"e","m","","20","1653609976333","Main.kt","1.1.3 for 2021-2022 @t1",
"k","m",,"21","1653609976334","Main.kt","1.1.3 for 2021-2022 @t1",
"e","    ","","21","1653609977950","Main.kt","1.1.3 for 2021-2022 @t1",
"e","fun main(args: Array<String>) {
        println(""Hello, world!"")
    }","","25","1653609979161","Main.kt","1.1.3 for 2021-2022 @t1",
"e","","psvm    fun main(args: Array<String>) {
        println(""Hello, world!"")
    }","17","1653609984575","Main.kt","1.1.3 for 2021-2022 @t1",
"e","fun main(args: Array<String>) {
        println(""Hello, world!"")
    }","","17","1653609991047","Main.kt","1.1.3 for 2021-2022 @t1",
